<?xml version="1.0" encoding="UTF-8"?>
<beans xmlns="http://www.springframework.org/schema/beans"
       xmlns:xsi="http://www.w3.org/2001/XMLSchema-instance"
       xmlns:context="http://www.springframework.org/schema/context"
       xsi:schemaLocation="
	       http://www.springframework.org/schema/beans
           http://www.springframework.org/schema/beans/spring-beans-3.1.xsd
           http://www.springframework.org/schema/context
           http://www.springframework.org/schema/context/spring-context-3.1.xsd"
       profile="defaultTest">

    <context:annotation-config />

    <!--DAO LAYER-->
    <bean class="net.lelyak.model.dao.modules.DAOFactory" id="daoFactory"/>

    <bean class="net.lelyak.model.dao.modules.catalogue.CatalogueManagementDAO" id="catalogueManagementDAO"/>


    <!--todo remove later - this is first test stub-->
    <bean id="adminDao" class="net.lelyak.model.dao.modules.admin.AdminDAO"/>
</beans>
